  Source.cpp
I:\SP_3\sysProg3\Source.cpp(147,39): warning C4244: аргумент: преобразование "int" в "FLOAT", возможна потеря данных
I:\SP_3\sysProg3\Source.cpp(148,46): warning C4244: аргумент: преобразование "int" в "FLOAT", возможна потеря данных
I:\SP_3\sysProg3\Source.cpp(148,27): warning C4244: аргумент: преобразование "int" в "FLOAT", возможна потеря данных
I:\SP_3\sysProg3\Source.cpp(158,68): warning C4244: аргумент: преобразование "double" в "FLOAT", возможна потеря данных
I:\SP_3\sysProg3\Source.cpp(158,48): warning C4244: аргумент: преобразование "int" в "FLOAT", возможна потеря данных
I:\SP_3\sysProg3\Source.cpp(159,74): warning C4244: аргумент: преобразование "double" в "FLOAT", возможна потеря данных
I:\SP_3\sysProg3\Source.cpp(159,54): warning C4244: аргумент: преобразование "int" в "FLOAT", возможна потеря данных
I:\SP_3\sysProg3\Source.cpp(169,68): warning C4244: аргумент: преобразование "double" в "FLOAT", возможна потеря данных
I:\SP_3\sysProg3\Source.cpp(169,48): warning C4244: аргумент: преобразование "int" в "FLOAT", возможна потеря данных
I:\SP_3\sysProg3\Source.cpp(170,74): warning C4244: аргумент: преобразование "double" в "FLOAT", возможна потеря данных
I:\SP_3\sysProg3\Source.cpp(170,54): warning C4244: аргумент: преобразование "int" в "FLOAT", возможна потеря данных
I:\SP_3\sysProg3\Source.cpp(180,68): warning C4244: аргумент: преобразование "double" в "FLOAT", возможна потеря данных
I:\SP_3\sysProg3\Source.cpp(180,48): warning C4244: аргумент: преобразование "int" в "FLOAT", возможна потеря данных
I:\SP_3\sysProg3\Source.cpp(181,74): warning C4244: аргумент: преобразование "double" в "FLOAT", возможна потеря данных
I:\SP_3\sysProg3\Source.cpp(181,54): warning C4244: аргумент: преобразование "int" в "FLOAT", возможна потеря данных
I:\SP_3\sysProg3\Source.cpp(191,68): warning C4244: аргумент: преобразование "double" в "FLOAT", возможна потеря данных
I:\SP_3\sysProg3\Source.cpp(191,48): warning C4244: аргумент: преобразование "int" в "FLOAT", возможна потеря данных
I:\SP_3\sysProg3\Source.cpp(192,74): warning C4244: аргумент: преобразование "double" в "FLOAT", возможна потеря данных
I:\SP_3\sysProg3\Source.cpp(192,54): warning C4244: аргумент: преобразование "int" в "FLOAT", возможна потеря данных
I:\SP_3\sysProg3\Source.cpp(97,17): warning C4101: apt: неиспользованная локальная переменная
  Создание кода
  18 of 18 functions (100.0%) were compiled.
    0 functions were new in current compilation
    0 functions had inline decision re-evaluated but remain unchanged
  Создание кода завершено
  sysProg3.vcxproj -> I:\SP_3\Release\sysProg3.exe
